# JRE version: Java(TM) SE Runtime Environment (7.0_79-b15) (build 1.7.0_79-b15)
# Java VM: Java HotSpot(TM) 64-Bit Server VM (24.79-b02 mixed mode linux-amd64 compressed oops)
Heap
 PSYoungGen      total 59904K, used 51200K [0x00000000fbd00000, 0x0000000100000000, 0x0000000100000000)
  eden space 51200K, 100% used [0x00000000fbd00000,0x00000000fef00000,0x00000000fef00000)
  from space 8704K, 0% used [0x00000000ff780000,0x00000000ff780000,0x0000000100000000)
  to   space 8704K, 0% used [0x00000000fef00000,0x00000000fef00000,0x00000000ff780000)
 ParOldGen       total 136704K, used 136393K [0x00000000f3780000, 0x00000000fbd00000, 0x00000000fbd00000)
  object space 136704K, 99% used [0x00000000f3780000,0x00000000fbcb2420,0x00000000fbd00000)
 PSPermGen       total 88064K, used 87868K [0x00000000e6f80000, 0x00000000ec580000, 0x00000000f3780000)
  object space 88064K, 99% used [0x00000000e6f80000,0x00000000ec54f0e8,0x00000000ec580000)
GC Heap History (10 events):
Event: 4059522.784 GC heap before
{Heap before GC invocations=59366 (full 45685):
 PSYoungGen      total 59904K, used 51200K [0x00000000fbd00000, 0x0000000100000000, 0x0000000100000000)
  eden space 51200K, 100% used [0x00000000fbd00000,0x00000000fef00000,0x00000000fef00000)
  from space 8704K, 0% used [0x00000000ff780000,0x00000000ff780000,0x0000000100000000)
  to   space 8704K, 0% used [0x00000000fef00000,0x00000000fef00000,0x00000000ff780000)
 ParOldGen       total 136704K, used 136301K [0x00000000f3780000, 0x00000000fbd00000, 0x00000000fbd00000)
  object space 136704K, 99% used [0x00000000f3780000,0x00000000fbc9b668,0x00000000fbd00000)
 PSPermGen       total 88064K, used 87868K [0x00000000e6f80000, 0x00000000ec580000, 0x00000000f3780000)
  object space 88064K, 99% used [0x00000000e6f80000,0x00000000ec54f0e8,0x00000000ec580000)
Event: 4059523.518 GC heap after
Heap after GC invocations=59366 (full 45685):
 PSYoungGen      total 59904K, used 51198K [0x00000000fbd00000, 0x0000000100000000, 0x0000000100000000)
  eden space 51200K, 99% used [0x00000000fbd00000,0x00000000feeff9f8,0x00000000fef00000)
  from space 8704K, 0% used [0x00000000ff780000,0x00000000ff780000,0x0000000100000000)
  to   space 8704K, 0% used [0x00000000fef00000,0x00000000fef00000,0x00000000ff780000)
 ParOldGen       total 136704K, used 136301K [0x00000000f3780000, 0x00000000fbd00000, 0x00000000fbd00000)
  object space 136704K, 99% used [0x00000000f3780000,0x00000000fbc9b668,0x00000000fbd00000)
 PSPermGen       total 88064K, used 87868K [0x00000000e6f80000, 0x00000000ec580000, 0x00000000f3780000)
  object space 88064K, 99% used [0x00000000e6f80000,0x00000000ec54f0e8,0x00000000ec580000)
}
Event: 4059523.518 GC heap before
{Heap before GC invocations=59367 (full 45686):
 PSYoungGen      total 59904K, used 51200K [0x00000000fbd00000, 0x0000000100000000, 0x0000000100000000)
  eden space 51200K, 100% used [0x00000000fbd00000,0x00000000fef00000,0x00000000fef00000)
  from space 8704K, 0% used [0x00000000ff780000,0x00000000ff780000,0x0000000100000000)
  to   space 8704K, 0% used [0x00000000fef00000,0x00000000fef00000,0x00000000ff780000)
 ParOldGen       total 136704K, used 136301K [0x00000000f3780000, 0x00000000fbd00000, 0x00000000fbd00000)
  object space 136704K, 99% used [0x00000000f3780000,0x00000000fbc9b668,0x00000000fbd00000)
 PSPermGen       total 88064K, used 87868K [0x00000000e6f80000, 0x00000000ec580000, 0x00000000f3780000)
  object space 88064K, 99% used [0x00000000e6f80000,0x00000000ec54f0e8,0x00000000ec580000)
Event: 4059524.356 GC heap after
Heap after GC invocations=59367 (full 45686):
 PSYoungGen      total 59904K, used 51198K [0x00000000fbd00000, 0x0000000100000000, 0x0000000100000000)
  eden space 51200K, 99% used [0x00000000fbd00000,0x00000000feeffa40,0x00000000fef00000)
  from space 8704K, 0% used [0x00000000ff780000,0x00000000ff780000,0x0000000100000000)
  to   space 8704K, 0% used [0x00000000fef00000,0x00000000fef00000,0x00000000ff780000)
 ParOldGen       total 136704K, used 136301K [0x00000000f3780000, 0x00000000fbd00000, 0x00000000fbd00000)
  object space 136704K, 99% used [0x00000000f3780000,0x00000000fbc9b668,0x00000000fbd00000)
 PSPermGen       total 88064K, used 87868K [0x00000000e6f80000, 0x00000000ec580000, 0x00000000f3780000)
  object space 88064K, 99% used [0x00000000e6f80000,0x00000000ec54f0e8,0x00000000ec580000)
}
Event: 4059524.357 GC heap before
{Heap before GC invocations=59368 (full 45687):
 PSYoungGen      total 59904K, used 51200K [0x00000000fbd00000, 0x0000000100000000, 0x0000000100000000)
  eden space 51200K, 100% used [0x00000000fbd00000,0x00000000fef00000,0x00000000fef00000)
  from space 8704K, 0% used [0x00000000ff780000,0x00000000ff780000,0x0000000100000000)
  to   space 8704K, 0% used [0x00000000fef00000,0x00000000fef00000,0x00000000ff780000)
 ParOldGen       total 136704K, used 136301K [0x00000000f3780000, 0x00000000fbd00000, 0x00000000fbd00000)
  object space 136704K, 99% used [0x00000000f3780000,0x00000000fbc9b668,0x00000000fbd00000)
 PSPermGen       total 88064K, used 87868K [0x00000000e6f80000, 0x00000000ec580000, 0x00000000f3780000)
  object space 88064K, 99% used [0x00000000e6f80000,0x00000000ec54f0e8,0x00000000ec580000)
Event: 4059525.353 GC heap after
Heap after GC invocations=59368 (full 45687):
 PSYoungGen      total 59904K, used 51198K [0x00000000fbd00000, 0x0000000100000000, 0x0000000100000000)
  eden space 51200K, 99% used [0x00000000fbd00000,0x00000000feeffa90,0x00000000fef00000)
  from space 8704K, 0% used [0x00000000ff780000,0x00000000ff780000,0x0000000100000000)
  to   space 8704K, 0% used [0x00000000fef00000,0x00000000fef00000,0x00000000ff780000)
 ParOldGen       total 136704K, used 136301K [0x00000000f3780000, 0x00000000fbd00000, 0x00000000fbd00000)
  object space 136704K, 99% used [0x00000000f3780000,0x00000000fbc9b5f8,0x00000000fbd00000)
 PSPermGen       total 88064K, used 87868K [0x00000000e6f80000, 0x00000000ec580000, 0x00000000f3780000)
  object space 88064K, 99% used [0x00000000e6f80000,0x00000000ec54f0e8,0x00000000ec580000)
}
Event: 4059525.353 GC heap before
{Heap before GC invocations=59369 (full 45688):
 PSYoungGen      total 59904K, used 51200K [0x00000000fbd00000, 0x0000000100000000, 0x0000000100000000)
  eden space 51200K, 100% used [0x00000000fbd00000,0x00000000fef00000,0x00000000fef00000)
  from space 8704K, 0% used [0x00000000ff780000,0x00000000ff780000,0x0000000100000000)
  to   space 8704K, 0% used [0x00000000fef00000,0x00000000fef00000,0x00000000ff780000)
 ParOldGen       total 136704K, used 136351K [0x00000000f3780000, 0x00000000fbd00000, 0x00000000fbd00000)
  object space 136704K, 99% used [0x00000000f3780000,0x00000000fbca7d30,0x00000000fbd00000)
 PSPermGen       total 88064K, used 87868K [0x00000000e6f80000, 0x00000000ec580000, 0x00000000f3780000)
  object space 88064K, 99% used [0x00000000e6f80000,0x00000000ec54f0e8,0x00000000ec580000)
Event: 4059526.078 GC heap after
Heap after GC invocations=59369 (full 45688):
 PSYoungGen      total 59904K, used 51190K [0x00000000fbd00000, 0x0000000100000000, 0x0000000100000000)
  eden space 51200K, 99% used [0x00000000fbd00000,0x00000000feefda48,0x00000000fef00000)
  from space 8704K, 0% used [0x00000000ff780000,0x00000000ff780000,0x0000000100000000)
  to   space 8704K, 0% used [0x00000000fef00000,0x00000000fef00000,0x00000000ff780000)
 ParOldGen       total 136704K, used 136350K [0x00000000f3780000, 0x00000000fbd00000, 0x00000000fbd00000)
  object space 136704K, 99% used [0x00000000f3780000,0x00000000fbca7bb8,0x00000000fbd00000)
 PSPermGen       total 88064K, used 87868K [0x00000000e6f80000, 0x00000000ec580000, 0x00000000f3780000)
  object space 88064K, 99% used [0x00000000e6f80000,0x00000000ec54f0e8,0x00000000ec580000)
}
Event: 4059526.079 GC heap before
{Heap before GC invocations=59370 (full 45689):
 PSYoungGen      total 59904K, used 51200K [0x00000000fbd00000, 0x0000000100000000, 0x0000000100000000)
  eden space 51200K, 100% used [0x00000000fbd00000,0x00000000fef00000,0x00000000fef00000)
  from space 8704K, 0% used [0x00000000ff780000,0x00000000ff780000,0x0000000100000000)
  to   space 8704K, 0% used [0x00000000fef00000,0x00000000fef00000,0x00000000ff780000)
 ParOldGen       total 136704K, used 136350K [0x00000000f3780000, 0x00000000fbd00000, 0x00000000fbd00000)
  object space 136704K, 99% used [0x00000000f3780000,0x00000000fbca7bb8,0x00000000fbd00000)
 PSPermGen       total 88064K, used 87868K [0x00000000e6f80000, 0x00000000ec580000, 0x00000000f3780000)
  object space 88064K, 99% used [0x00000000e6f80000,0x00000000ec54f0e8,0x00000000ec580000)
Event: 4059526.801 GC heap after
Heap after GC invocations=59370 (full 45689):
 PSYoungGen      total 59904K, used 51198K [0x00000000fbd00000, 0x0000000100000000, 0x0000000100000000)
  eden space 51200K, 99% used [0x00000000fbd00000,0x00000000feeffa88,0x00000000fef00000)
  from space 8704K, 0% used [0x00000000ff780000,0x00000000ff780000,0x0000000100000000)
  to   space 8704K, 0% used [0x00000000fef00000,0x00000000fef00000,0x00000000ff780000)
 ParOldGen       total 136704K, used 136350K [0x00000000f3780000, 0x00000000fbd00000, 0x00000000fbd00000)
  object space 136704K, 99% used [0x00000000f3780000,0x00000000fbca7bb8,0x00000000fbd00000)
 PSPermGen       total 88064K, used 87868K [0x00000000e6f80000, 0x00000000ec580000, 0x00000000f3780000)
  object space 88064K, 99% used [0x00000000e6f80000,0x00000000ec54f0e8,0x00000000ec580000)
}

